<?xml version="1.0" encoding="UTF-8"?>
<coverage generated="1772693294291" clover="3.2.0">
  <project timestamp="1772693294291" name="All files">
    <metrics statements="29" coveredstatements="23" conditionals="6" coveredconditionals="6" methods="7" coveredmethods="3" elements="42" coveredelements="32" complexity="0" loc="29" ncloc="29" packages="3" files="3" classes="3"/>
    <package name="db-manager">
      <metrics statements="8" coveredstatements="8" conditionals="0" coveredconditionals="0" methods="2" coveredmethods="2"/>
      <file name="app.js" path="C:\Users\lsmit\Desktop\FULL_STACK\whose_app\services\db-manager\app.js">
        <metrics statements="8" coveredstatements="8" conditionals="0" coveredconditionals="0" methods="2" coveredmethods="2"/>
        <line num="6" count="1" type="stmt"/>
        <line num="12" count="1" type="stmt"/>
        <line num="13" count="1" type="stmt"/>
        <line num="14" count="4" type="stmt"/>
        <line num="15" count="4" type="stmt"/>
        <line num="18" count="1" type="stmt"/>
        <line num="24" count="1" type="stmt"/>
        <line num="25" count="1" type="stmt"/>
      </file>
    </package>
    <package name="db-manager.models">
      <metrics statements="1" coveredstatements="1" conditionals="0" coveredconditionals="0" methods="0" coveredmethods="0"/>
      <file name="User.js" path="C:\Users\lsmit\Desktop\FULL_STACK\whose_app\services\db-manager\models\User.js">
        <metrics statements="1" coveredstatements="1" conditionals="0" coveredconditionals="0" methods="0" coveredmethods="0"/>
        <line num="4" count="1" type="stmt"/>
      </file>
    </package>
    <package name="db-manager.routes">
      <metrics statements="20" coveredstatements="14" conditionals="6" coveredconditionals="6" methods="5" coveredmethods="1"/>
      <file name="accountRoutes.js" path="C:\Users\lsmit\Desktop\FULL_STACK\whose_app\services\db-manager\routes\accountRoutes.js">
        <metrics statements="20" coveredstatements="14" conditionals="6" coveredconditionals="6" methods="5" coveredmethods="1"/>
        <line num="5" count="1" type="stmt"/>
        <line num="8" count="1" type="stmt"/>
        <line num="9" count="0" type="stmt"/>
        <line num="13" count="1" type="stmt"/>
        <line num="14" count="0" type="stmt"/>
        <line num="18" count="1" type="stmt"/>
        <line num="20" count="4" type="stmt"/>
        <line num="22" count="4" type="stmt"/>
        <line num="24" count="4" type="cond" truecount="4" falsecount="0"/>
        <line num="25" count="2" type="stmt"/>
        <line num="28" count="2" type="cond" truecount="2" falsecount="0"/>
        <line num="29" count="1" type="stmt"/>
        <line num="32" count="1" type="stmt"/>
        <line num="41" count="1" type="stmt"/>
        <line num="44" count="0" type="stmt"/>
        <line num="45" count="0" type="stmt"/>
        <line num="50" count="1" type="stmt"/>
        <line num="51" count="0" type="stmt"/>
        <line num="55" count="1" type="stmt"/>
        <line num="56" count="0" type="stmt"/>
      </file>
    </package>
  </project>
</coverage>
