{"C:\\Users\\lsmit\\Desktop\\whose_app\\app.js": {"path":"C:\\Users\\lsmit\\Desktop\\whose_app\\app.js","statementMap":{"0":{"start":{"line":17,"column":12},"end":{"line":17,"column":21}},"1":{"start":{"line":22,"column":0},"end":{"line":25,"column":4}},"2":{"start":{"line":28,"column":0},"end":{"line":28,"column":24}},"3":{"start":{"line":31,"column":0},"end":{"line":34,"column":3}},"4":{"start":{"line":32,"column":1},"end":{"line":32,"column":35}},"5":{"start":{"line":33,"column":1},"end":{"line":33,"column":8}},"6":{"start":{"line":38,"column":0},"end":{"line":38,"column":33}},"7":{"start":{"line":39,"column":0},"end":{"line":39,"column":40}},"8":{"start":{"line":44,"column":14},"end":{"line":44,"column":41}},"9":{"start":{"line":45,"column":1},"end":{"line":45,"column":56}}},"fnMap":{"0":{"name":"(anonymous_0)","decl":{"start":{"line":31,"column":8},"end":{"line":31,"column":9}},"loc":{"start":{"line":31,"column":28},"end":{"line":34,"column":1}},"line":31},"1":{"name":"connectDB","decl":{"start":{"line":43,"column":22},"end":{"line":43,"column":31}},"loc":{"start":{"line":43,"column":37},"end":{"line":46,"column":1}},"line":43}},"branchMap":{},"s":{"0":3,"1":3,"2":3,"3":3,"4":7,"5":7,"6":3,"7":3,"8":3,"9":3},"f":{"0":7,"1":3},"b":{},"_coverageSchema":"1a1c01bbd47fc00a2c39e90264f33305004495a9","hash":"1bfd69f2475f564e15c0286be1f34499206d6f38"}
,"C:\\Users\\lsmit\\Desktop\\whose_app\\models\\Chat.js": {"path":"C:\\Users\\lsmit\\Desktop\\whose_app\\models\\Chat.js","statementMap":{"0":{"start":{"line":4,"column":19},"end":{"line":7,"column":22}},"1":{"start":{"line":9,"column":0},"end":{"line":9,"column":52}}},"fnMap":{},"branchMap":{},"s":{"0":1,"1":1},"f":{},"b":{},"_coverageSchema":"1a1c01bbd47fc00a2c39e90264f33305004495a9","hash":"ba8e3b7af47bf4e1fb599e71be63adbc7a05c04f"}
,"C:\\Users\\lsmit\\Desktop\\whose_app\\models\\Message.js": {"path":"C:\\Users\\lsmit\\Desktop\\whose_app\\models\\Message.js","statementMap":{"0":{"start":{"line":3,"column":22},"end":{"line":8,"column":22}},"1":{"start":{"line":10,"column":0},"end":{"line":10,"column":58}}},"fnMap":{},"branchMap":{},"s":{"0":1,"1":1},"f":{},"b":{},"_coverageSchema":"1a1c01bbd47fc00a2c39e90264f33305004495a9","hash":"7637bf38f85f47480e5ac0b651d3242c015cfb0d"}
,"C:\\Users\\lsmit\\Desktop\\whose_app\\models\\User.js": {"path":"C:\\Users\\lsmit\\Desktop\\whose_app\\models\\User.js","statementMap":{"0":{"start":{"line":4,"column":19},"end":{"line":13,"column":22}}},"fnMap":{},"branchMap":{},"s":{"0":3},"f":{},"b":{},"_coverageSchema":"1a1c01bbd47fc00a2c39e90264f33305004495a9","hash":"8ff196f6a89dad64bdf4ef3678cc0e2e1dfb82ac"}
,"C:\\Users\\lsmit\\Desktop\\whose_app\\routes\\authRoutes.js": {"path":"C:\\Users\\lsmit\\Desktop\\whose_app\\routes\\authRoutes.js","statementMap":{"0":{"start":{"line":13,"column":15},"end":{"line":13,"column":31}},"1":{"start":{"line":39,"column":1},"end":{"line":60,"column":2}},"2":{"start":{"line":40,"column":2},"end":{"line":40,"column":44}},"3":{"start":{"line":41,"column":16},"end":{"line":41,"column":31}},"4":{"start":{"line":42,"column":2},"end":{"line":42,"column":20}},"5":{"start":{"line":43,"column":4},"end":{"line":46,"column":3}},"6":{"start":{"line":44,"column":3},"end":{"line":44,"column":34}},"7":{"start":{"line":45,"column":3},"end":{"line":45,"column":65}},"8":{"start":{"line":48,"column":2},"end":{"line":56,"column":5}},"9":{"start":{"line":49,"column":3},"end":{"line":49,"column":42}},"10":{"start":{"line":50,"column":3},"end":{"line":53,"column":4}},"11":{"start":{"line":51,"column":4},"end":{"line":51,"column":57}},"12":{"start":{"line":52,"column":4},"end":{"line":52,"column":73}},"13":{"start":{"line":54,"column":3},"end":{"line":54,"column":31}},"14":{"start":{"line":55,"column":3},"end":{"line":55,"column":10}},"15":{"start":{"line":58,"column":2},"end":{"line":58,"column":48}},"16":{"start":{"line":59,"column":2},"end":{"line":59,"column":66}},"17":{"start":{"line":66,"column":0},"end":{"line":119,"column":3}},"18":{"start":{"line":68,"column":1},"end":{"line":118,"column":2}},"19":{"start":{"line":70,"column":2},"end":{"line":72,"column":3}},"20":{"start":{"line":71,"column":3},"end":{"line":71,"column":73}},"21":{"start":{"line":74,"column":28},"end":{"line":74,"column":36}},"22":{"start":{"line":77,"column":21},"end":{"line":77,"column":87}},"23":{"start":{"line":79,"column":2},"end":{"line":81,"column":3}},"24":{"start":{"line":80,"column":3},"end":{"line":80,"column":70}},"25":{"start":{"line":83,"column":15},"end":{"line":86,"column":4}},"26":{"start":{"line":90,"column":16},"end":{"line":90,"column":107}},"27":{"start":{"line":92,"column":2},"end":{"line":96,"column":5}},"28":{"start":{"line":99,"column":18},"end":{"line":110,"column":3}},"29":{"start":{"line":112,"column":2},"end":{"line":112,"column":32}},"30":{"start":{"line":116,"column":2},"end":{"line":116,"column":40}},"31":{"start":{"line":117,"column":2},"end":{"line":117,"column":59}},"32":{"start":{"line":122,"column":0},"end":{"line":172,"column":3}},"33":{"start":{"line":124,"column":1},"end":{"line":170,"column":2}},"34":{"start":{"line":126,"column":2},"end":{"line":128,"column":3}},"35":{"start":{"line":127,"column":3},"end":{"line":127,"column":73}},"36":{"start":{"line":130,"column":28},"end":{"line":130,"column":36}},"37":{"start":{"line":132,"column":15},"end":{"line":132,"column":42}},"38":{"start":{"line":134,"column":2},"end":{"line":136,"column":3}},"39":{"start":{"line":135,"column":3},"end":{"line":135,"column":80}},"40":{"start":{"line":138,"column":20},"end":{"line":138,"column":65}},"41":{"start":{"line":140,"column":2},"end":{"line":142,"column":3}},"42":{"start":{"line":141,"column":3},"end":{"line":141,"column":62}},"43":{"start":{"line":144,"column":16},"end":{"line":144,"column":107}},"44":{"start":{"line":146,"column":2},"end":{"line":150,"column":4}},"45":{"start":{"line":152,"column":18},"end":{"line":163,"column":3}},"46":{"start":{"line":165,"column":2},"end":{"line":165,"column":32}},"47":{"start":{"line":168,"column":2},"end":{"line":168,"column":39}},"48":{"start":{"line":169,"column":2},"end":{"line":169,"column":59}},"49":{"start":{"line":175,"column":0},"end":{"line":186,"column":3}},"50":{"start":{"line":176,"column":1},"end":{"line":185,"column":2}},"51":{"start":{"line":177,"column":2},"end":{"line":180,"column":5}},"52":{"start":{"line":181,"column":2},"end":{"line":181,"column":51}},"53":{"start":{"line":183,"column":2},"end":{"line":183,"column":39}},"54":{"start":{"line":184,"column":2},"end":{"line":184,"column":66}},"55":{"start":{"line":189,"column":0},"end":{"line":221,"column":3}},"56":{"start":{"line":190,"column":1},"end":{"line":220,"column":2}},"57":{"start":{"line":192,"column":21},"end":{"line":192,"column":31}},"58":{"start":{"line":195,"column":2},"end":{"line":198,"column":3}},"59":{"start":{"line":196,"column":3},"end":{"line":196,"column":54}},"60":{"start":{"line":197,"column":3},"end":{"line":197,"column":65}},"61":{"start":{"line":201,"column":15},"end":{"line":201,"column":36}},"62":{"start":{"line":202,"column":2},"end":{"line":204,"column":3}},"63":{"start":{"line":203,"column":3},"end":{"line":203,"column":66}},"64":{"start":{"line":205,"column":18},"end":{"line":213,"column":3}},"65":{"start":{"line":215,"column":2},"end":{"line":215,"column":39}},"66":{"start":{"line":218,"column":2},"end":{"line":218,"column":41}},"67":{"start":{"line":219,"column":2},"end":{"line":219,"column":66}},"68":{"start":{"line":224,"column":0},"end":{"line":265,"column":2}},"69":{"start":{"line":225,"column":1},"end":{"line":264,"column":2}},"70":{"start":{"line":227,"column":2},"end":{"line":230,"column":3}},"71":{"start":{"line":228,"column":3},"end":{"line":228,"column":60}},"72":{"start":{"line":229,"column":3},"end":{"line":229,"column":65}},"73":{"start":{"line":232,"column":2},"end":{"line":235,"column":3}},"74":{"start":{"line":233,"column":3},"end":{"line":233,"column":92}},"75":{"start":{"line":234,"column":3},"end":{"line":234,"column":69}},"76":{"start":{"line":238,"column":15},"end":{"line":238,"column":40}},"77":{"start":{"line":239,"column":2},"end":{"line":242,"column":3}},"78":{"start":{"line":240,"column":3},"end":{"line":240,"column":58}},"79":{"start":{"line":241,"column":3},"end":{"line":241,"column":66}},"80":{"start":{"line":244,"column":2},"end":{"line":244,"column":36}},"81":{"start":{"line":245,"column":2},"end":{"line":245,"column":38}},"82":{"start":{"line":246,"column":2},"end":{"line":246,"column":30}},"83":{"start":{"line":248,"column":18},"end":{"line":257,"column":3}},"84":{"start":{"line":259,"column":2},"end":{"line":259,"column":39}},"85":{"start":{"line":262,"column":2},"end":{"line":262,"column":47}},"86":{"start":{"line":263,"column":2},"end":{"line":263,"column":66}}},"fnMap":{"0":{"name":"verifyToken","decl":{"start":{"line":38,"column":16},"end":{"line":38,"column":27}},"loc":{"start":{"line":38,"column":44},"end":{"line":61,"column":1}},"line":38},"1":{"name":"(anonymous_1)","decl":{"start":{"line":48,"column":57},"end":{"line":48,"column":58}},"loc":{"start":{"line":48,"column":75},"end":{"line":56,"column":3}},"line":48},"2":{"name":"(anonymous_2)","decl":{"start":{"line":66,"column":23},"end":{"line":66,"column":24}},"loc":{"start":{"line":66,"column":43},"end":{"line":119,"column":1}},"line":66},"3":{"name":"(anonymous_3)","decl":{"start":{"line":122,"column":22},"end":{"line":122,"column":23}},"loc":{"start":{"line":122,"column":42},"end":{"line":172,"column":1}},"line":122},"4":{"name":"(anonymous_4)","decl":{"start":{"line":175,"column":36},"end":{"line":175,"column":37}},"loc":{"start":{"line":175,"column":56},"end":{"line":186,"column":1}},"line":175},"5":{"name":"(anonymous_5)","decl":{"start":{"line":189,"column":24},"end":{"line":189,"column":25}},"loc":{"start":{"line":189,"column":44},"end":{"line":221,"column":1}},"line":189},"6":{"name":"(anonymous_6)","decl":{"start":{"line":224,"column":31},"end":{"line":224,"column":32}},"loc":{"start":{"line":224,"column":51},"end":{"line":265,"column":1}},"line":224}},"branchMap":{"0":{"loc":{"start":{"line":43,"column":4},"end":{"line":46,"column":3}},"type":"if","locations":[{"start":{"line":43,"column":4},"end":{"line":46,"column":3}},{"start":{},"end":{}}],"line":43},"1":{"loc":{"start":{"line":48,"column":20},"end":{"line":48,"column":55}},"type":"binary-expr","locations":[{"start":{"line":48,"column":20},"end":{"line":48,"column":42}},{"start":{"line":48,"column":46},"end":{"line":48,"column":55}}],"line":48},"2":{"loc":{"start":{"line":50,"column":3},"end":{"line":53,"column":4}},"type":"if","locations":[{"start":{"line":50,"column":3},"end":{"line":53,"column":4}},{"start":{},"end":{}}],"line":50},"3":{"loc":{"start":{"line":70,"column":2},"end":{"line":72,"column":3}},"type":"if","locations":[{"start":{"line":70,"column":2},"end":{"line":72,"column":3}},{"start":{},"end":{}}],"line":70},"4":{"loc":{"start":{"line":70,"column":6},"end":{"line":70,"column":56}},"type":"binary-expr","locations":[{"start":{"line":70,"column":6},"end":{"line":70,"column":15}},{"start":{"line":70,"column":19},"end":{"line":70,"column":34}},{"start":{"line":70,"column":38},"end":{"line":70,"column":56}}],"line":70},"5":{"loc":{"start":{"line":79,"column":2},"end":{"line":81,"column":3}},"type":"if","locations":[{"start":{"line":79,"column":2},"end":{"line":81,"column":3}},{"start":{},"end":{}}],"line":79},"6":{"loc":{"start":{"line":90,"column":52},"end":{"line":90,"column":87}},"type":"binary-expr","locations":[{"start":{"line":90,"column":52},"end":{"line":90,"column":74}},{"start":{"line":90,"column":78},"end":{"line":90,"column":87}}],"line":90},"7":{"loc":{"start":{"line":126,"column":2},"end":{"line":128,"column":3}},"type":"if","locations":[{"start":{"line":126,"column":2},"end":{"line":128,"column":3}},{"start":{},"end":{}}],"line":126},"8":{"loc":{"start":{"line":126,"column":6},"end":{"line":126,"column":56}},"type":"binary-expr","locations":[{"start":{"line":126,"column":6},"end":{"line":126,"column":15}},{"start":{"line":126,"column":19},"end":{"line":126,"column":34}},{"start":{"line":126,"column":38},"end":{"line":126,"column":56}}],"line":126},"9":{"loc":{"start":{"line":134,"column":2},"end":{"line":136,"column":3}},"type":"if","locations":[{"start":{"line":134,"column":2},"end":{"line":136,"column":3}},{"start":{},"end":{}}],"line":134},"10":{"loc":{"start":{"line":140,"column":2},"end":{"line":142,"column":3}},"type":"if","locations":[{"start":{"line":140,"column":2},"end":{"line":142,"column":3}},{"start":{},"end":{}}],"line":140},"11":{"loc":{"start":{"line":144,"column":52},"end":{"line":144,"column":87}},"type":"binary-expr","locations":[{"start":{"line":144,"column":52},"end":{"line":144,"column":74}},{"start":{"line":144,"column":78},"end":{"line":144,"column":87}}],"line":144},"12":{"loc":{"start":{"line":195,"column":2},"end":{"line":198,"column":3}},"type":"if","locations":[{"start":{"line":195,"column":2},"end":{"line":198,"column":3}},{"start":{},"end":{}}],"line":195},"13":{"loc":{"start":{"line":202,"column":2},"end":{"line":204,"column":3}},"type":"if","locations":[{"start":{"line":202,"column":2},"end":{"line":204,"column":3}},{"start":{},"end":{}}],"line":202},"14":{"loc":{"start":{"line":227,"column":2},"end":{"line":230,"column":3}},"type":"if","locations":[{"start":{"line":227,"column":2},"end":{"line":230,"column":3}},{"start":{},"end":{}}],"line":227},"15":{"loc":{"start":{"line":232,"column":2},"end":{"line":235,"column":3}},"type":"if","locations":[{"start":{"line":232,"column":2},"end":{"line":235,"column":3}},{"start":{},"end":{}}],"line":232},"16":{"loc":{"start":{"line":232,"column":7},"end":{"line":232,"column":62}},"type":"binary-expr","locations":[{"start":{"line":232,"column":7},"end":{"line":232,"column":32}},{"start":{"line":232,"column":36},"end":{"line":232,"column":62}}],"line":232},"17":{"loc":{"start":{"line":239,"column":2},"end":{"line":242,"column":3}},"type":"if","locations":[{"start":{"line":239,"column":2},"end":{"line":242,"column":3}},{"start":{},"end":{}}],"line":239}},"s":{"0":3,"1":0,"2":0,"3":0,"4":0,"5":0,"6":0,"7":0,"8":0,"9":0,"10":0,"11":0,"12":0,"13":0,"14":0,"15":0,"16":0,"17":3,"18":4,"19":4,"20":2,"21":2,"22":2,"23":2,"24":0,"25":2,"26":2,"27":2,"28":2,"29":2,"30":0,"31":0,"32":3,"33":0,"34":0,"35":0,"36":0,"37":0,"38":0,"39":0,"40":0,"41":0,"42":0,"43":0,"44":0,"45":0,"46":0,"47":0,"48":0,"49":3,"50":0,"51":0,"52":0,"53":0,"54":0,"55":3,"56":0,"57":0,"58":0,"59":0,"60":0,"61":0,"62":0,"63":0,"64":0,"65":0,"66":0,"67":0,"68":3,"69":0,"70":0,"71":0,"72":0,"73":0,"74":0,"75":0,"76":0,"77":0,"78":0,"79":0,"80":0,"81":0,"82":0,"83":0,"84":0,"85":0,"86":0},"f":{"0":0,"1":0,"2":4,"3":0,"4":0,"5":0,"6":0},"b":{"0":[0,0],"1":[0,0],"2":[0,0],"3":[2,2],"4":[4,4,3],"5":[0,2],"6":[2,2],"7":[0,0],"8":[0,0,0],"9":[0,0],"10":[0,0],"11":[0,0],"12":[0,0],"13":[0,0],"14":[0,0],"15":[0,0],"16":[0,0],"17":[0,0]},"_coverageSchema":"1a1c01bbd47fc00a2c39e90264f33305004495a9","hash":"51d8c8d402f4cbfacbf046fdca0cd5c2144ea9f8"}
,"C:\\Users\\lsmit\\Desktop\\whose_app\\routes\\contactRoutes.js": {"path":"C:\\Users\\lsmit\\Desktop\\whose_app\\routes\\contactRoutes.js","statementMap":{"0":{"start":{"line":11,"column":15},"end":{"line":11,"column":31}},"1":{"start":{"line":21,"column":0},"end":{"line":54,"column":3}},"2":{"start":{"line":23,"column":1},"end":{"line":25,"column":2}},"3":{"start":{"line":24,"column":2},"end":{"line":24,"column":57}},"4":{"start":{"line":28,"column":15},"end":{"line":28,"column":46}},"5":{"start":{"line":30,"column":15},"end":{"line":36,"column":3}},"6":{"start":{"line":38,"column":17},"end":{"line":40,"column":2}},"7":{"start":{"line":43,"column":1},"end":{"line":50,"column":4}},"8":{"start":{"line":44,"column":2},"end":{"line":49,"column":5}},"9":{"start":{"line":52,"column":1},"end":{"line":52,"column":38}}},"fnMap":{"0":{"name":"(anonymous_0)","decl":{"start":{"line":21,"column":23},"end":{"line":21,"column":24}},"loc":{"start":{"line":21,"column":43},"end":{"line":54,"column":1}},"line":21},"1":{"name":"(anonymous_1)","decl":{"start":{"line":43,"column":15},"end":{"line":43,"column":16}},"loc":{"start":{"line":43,"column":23},"end":{"line":50,"column":2}},"line":43}},"branchMap":{"0":{"loc":{"start":{"line":23,"column":1},"end":{"line":25,"column":2}},"type":"if","locations":[{"start":{"line":23,"column":1},"end":{"line":25,"column":2}},{"start":{},"end":{}}],"line":23},"1":{"loc":{"start":{"line":23,"column":5},"end":{"line":23,"column":38}},"type":"binary-expr","locations":[{"start":{"line":23,"column":5},"end":{"line":23,"column":14}},{"start":{"line":23,"column":18},"end":{"line":23,"column":38}}],"line":23}},"s":{"0":3,"1":3,"2":2,"3":1,"4":2,"5":1,"6":0,"7":0,"8":0,"9":0},"f":{"0":2,"1":0},"b":{"0":[1,1],"1":[2,1]},"_coverageSchema":"1a1c01bbd47fc00a2c39e90264f33305004495a9","hash":"d8e989e12f4d1b8a1be33f08dcc639d2928b54d4"}
}
