{"C:\\Users\\lsmit\\Desktop\\FULL_STACK\\whose_app_mono\\app.js": {"path":"C:\\Users\\lsmit\\Desktop\\FULL_STACK\\whose_app_mono\\app.js","statementMap":{"0":{"start":{"line":18,"column":12},"end":{"line":18,"column":21}},"1":{"start":{"line":23,"column":0},"end":{"line":26,"column":4}},"2":{"start":{"line":29,"column":0},"end":{"line":29,"column":24}},"3":{"start":{"line":32,"column":0},"end":{"line":32,"column":23}},"4":{"start":{"line":35,"column":0},"end":{"line":38,"column":3}},"5":{"start":{"line":36,"column":1},"end":{"line":36,"column":35}},"6":{"start":{"line":37,"column":1},"end":{"line":37,"column":8}},"7":{"start":{"line":42,"column":0},"end":{"line":42,"column":33}},"8":{"start":{"line":43,"column":0},"end":{"line":43,"column":40}},"9":{"start":{"line":44,"column":0},"end":{"line":44,"column":40}},"10":{"start":{"line":49,"column":14},"end":{"line":49,"column":41}},"11":{"start":{"line":50,"column":1},"end":{"line":50,"column":56}}},"fnMap":{"0":{"name":"(anonymous_0)","decl":{"start":{"line":35,"column":8},"end":{"line":35,"column":9}},"loc":{"start":{"line":35,"column":28},"end":{"line":38,"column":1}},"line":35},"1":{"name":"connectDB","decl":{"start":{"line":48,"column":22},"end":{"line":48,"column":31}},"loc":{"start":{"line":48,"column":37},"end":{"line":51,"column":1}},"line":48}},"branchMap":{},"s":{"0":3,"1":3,"2":3,"3":3,"4":3,"5":24,"6":24,"7":3,"8":3,"9":3,"10":2,"11":2},"f":{"0":24,"1":2},"b":{},"_coverageSchema":"1a1c01bbd47fc00a2c39e90264f33305004495a9","hash":"5fa5ae472e339a94bd5d91c60f0a73d05f733add"}
,"C:\\Users\\lsmit\\Desktop\\FULL_STACK\\whose_app_mono\\models\\Chat.js": {"path":"C:\\Users\\lsmit\\Desktop\\FULL_STACK\\whose_app_mono\\models\\Chat.js","statementMap":{"0":{"start":{"line":4,"column":19},"end":{"line":7,"column":22}}},"fnMap":{},"branchMap":{},"s":{"0":3},"f":{},"b":{},"_coverageSchema":"1a1c01bbd47fc00a2c39e90264f33305004495a9","hash":"d266250c9ccc3079dca5255e2fd6477a60a3efe6"}
,"C:\\Users\\lsmit\\Desktop\\FULL_STACK\\whose_app_mono\\models\\Message.js": {"path":"C:\\Users\\lsmit\\Desktop\\FULL_STACK\\whose_app_mono\\models\\Message.js","statementMap":{"0":{"start":{"line":3,"column":22},"end":{"line":9,"column":22}}},"fnMap":{},"branchMap":{},"s":{"0":3},"f":{},"b":{},"_coverageSchema":"1a1c01bbd47fc00a2c39e90264f33305004495a9","hash":"095d75a7a8492eb2418848176c78620427360803"}
,"C:\\Users\\lsmit\\Desktop\\FULL_STACK\\whose_app_mono\\models\\User.js": {"path":"C:\\Users\\lsmit\\Desktop\\FULL_STACK\\whose_app_mono\\models\\User.js","statementMap":{"0":{"start":{"line":4,"column":19},"end":{"line":14,"column":22}}},"fnMap":{},"branchMap":{},"s":{"0":3},"f":{},"b":{},"_coverageSchema":"1a1c01bbd47fc00a2c39e90264f33305004495a9","hash":"d08642073ee11b20ecd014807ae8df61acc0f2fb"}
,"C:\\Users\\lsmit\\Desktop\\FULL_STACK\\whose_app_mono\\routes\\authRoutes.js": {"path":"C:\\Users\\lsmit\\Desktop\\FULL_STACK\\whose_app_mono\\routes\\authRoutes.js","statementMap":{"0":{"start":{"line":13,"column":15},"end":{"line":13,"column":31}},"1":{"start":{"line":39,"column":1},"end":{"line":60,"column":2}},"2":{"start":{"line":40,"column":2},"end":{"line":40,"column":44}},"3":{"start":{"line":41,"column":16},"end":{"line":41,"column":31}},"4":{"start":{"line":42,"column":4},"end":{"line":45,"column":3}},"5":{"start":{"line":43,"column":3},"end":{"line":43,"column":34}},"6":{"start":{"line":44,"column":3},"end":{"line":44,"column":65}},"7":{"start":{"line":47,"column":2},"end":{"line":56,"column":5}},"8":{"start":{"line":48,"column":3},"end":{"line":48,"column":42}},"9":{"start":{"line":49,"column":3},"end":{"line":52,"column":4}},"10":{"start":{"line":50,"column":4},"end":{"line":50,"column":57}},"11":{"start":{"line":51,"column":4},"end":{"line":51,"column":73}},"12":{"start":{"line":53,"column":3},"end":{"line":53,"column":85}},"13":{"start":{"line":54,"column":3},"end":{"line":54,"column":31}},"14":{"start":{"line":55,"column":3},"end":{"line":55,"column":10}},"15":{"start":{"line":58,"column":2},"end":{"line":58,"column":48}},"16":{"start":{"line":59,"column":2},"end":{"line":59,"column":66}},"17":{"start":{"line":66,"column":0},"end":{"line":112,"column":3}},"18":{"start":{"line":68,"column":1},"end":{"line":70,"column":2}},"19":{"start":{"line":69,"column":2},"end":{"line":69,"column":72}},"20":{"start":{"line":72,"column":27},"end":{"line":72,"column":35}},"21":{"start":{"line":75,"column":20},"end":{"line":75,"column":86}},"22":{"start":{"line":77,"column":1},"end":{"line":79,"column":2}},"23":{"start":{"line":78,"column":2},"end":{"line":78,"column":69}},"24":{"start":{"line":81,"column":14},"end":{"line":84,"column":3}},"25":{"start":{"line":87,"column":1},"end":{"line":87,"column":60}},"26":{"start":{"line":89,"column":15},"end":{"line":89,"column":106}},"27":{"start":{"line":91,"column":1},"end":{"line":95,"column":4}},"28":{"start":{"line":98,"column":17},"end":{"line":108,"column":2}},"29":{"start":{"line":110,"column":1},"end":{"line":110,"column":31}},"30":{"start":{"line":115,"column":0},"end":{"line":161,"column":3}},"31":{"start":{"line":117,"column":1},"end":{"line":119,"column":2}},"32":{"start":{"line":118,"column":2},"end":{"line":118,"column":72}},"33":{"start":{"line":121,"column":27},"end":{"line":121,"column":35}},"34":{"start":{"line":123,"column":14},"end":{"line":123,"column":41}},"35":{"start":{"line":125,"column":1},"end":{"line":127,"column":2}},"36":{"start":{"line":126,"column":2},"end":{"line":126,"column":79}},"37":{"start":{"line":129,"column":19},"end":{"line":129,"column":64}},"38":{"start":{"line":131,"column":1},"end":{"line":133,"column":2}},"39":{"start":{"line":132,"column":2},"end":{"line":132,"column":61}},"40":{"start":{"line":136,"column":1},"end":{"line":136,"column":60}},"41":{"start":{"line":138,"column":15},"end":{"line":138,"column":106}},"42":{"start":{"line":140,"column":1},"end":{"line":144,"column":3}},"43":{"start":{"line":146,"column":17},"end":{"line":157,"column":2}},"44":{"start":{"line":159,"column":1},"end":{"line":159,"column":31}},"45":{"start":{"line":164,"column":0},"end":{"line":170,"column":3}},"46":{"start":{"line":165,"column":1},"end":{"line":168,"column":4}},"47":{"start":{"line":169,"column":1},"end":{"line":169,"column":50}},"48":{"start":{"line":173,"column":0},"end":{"line":198,"column":3}},"49":{"start":{"line":176,"column":1},"end":{"line":179,"column":2}},"50":{"start":{"line":177,"column":2},"end":{"line":177,"column":53}},"51":{"start":{"line":178,"column":2},"end":{"line":178,"column":64}},"52":{"start":{"line":182,"column":14},"end":{"line":182,"column":45}},"53":{"start":{"line":183,"column":1},"end":{"line":185,"column":2}},"54":{"start":{"line":184,"column":2},"end":{"line":184,"column":65}},"55":{"start":{"line":186,"column":17},"end":{"line":194,"column":2}},"56":{"start":{"line":196,"column":1},"end":{"line":196,"column":38}},"57":{"start":{"line":201,"column":0},"end":{"line":242,"column":3}},"58":{"start":{"line":203,"column":1},"end":{"line":206,"column":2}},"59":{"start":{"line":204,"column":2},"end":{"line":204,"column":59}},"60":{"start":{"line":205,"column":2},"end":{"line":205,"column":64}},"61":{"start":{"line":208,"column":1},"end":{"line":211,"column":2}},"62":{"start":{"line":209,"column":2},"end":{"line":209,"column":91}},"63":{"start":{"line":210,"column":2},"end":{"line":210,"column":68}},"64":{"start":{"line":213,"column":1},"end":{"line":213,"column":89}},"65":{"start":{"line":216,"column":14},"end":{"line":216,"column":45}},"66":{"start":{"line":217,"column":1},"end":{"line":220,"column":2}},"67":{"start":{"line":218,"column":2},"end":{"line":218,"column":57}},"68":{"start":{"line":219,"column":2},"end":{"line":219,"column":65}},"69":{"start":{"line":222,"column":1},"end":{"line":222,"column":35}},"70":{"start":{"line":223,"column":1},"end":{"line":223,"column":37}},"71":{"start":{"line":224,"column":1},"end":{"line":224,"column":29}},"72":{"start":{"line":225,"column":1},"end":{"line":225,"column":26}},"73":{"start":{"line":227,"column":1},"end":{"line":227,"column":19}},"74":{"start":{"line":229,"column":17},"end":{"line":238,"column":2}},"75":{"start":{"line":240,"column":1},"end":{"line":240,"column":38}}},"fnMap":{"0":{"name":"verifyToken","decl":{"start":{"line":38,"column":16},"end":{"line":38,"column":27}},"loc":{"start":{"line":38,"column":44},"end":{"line":61,"column":1}},"line":38},"1":{"name":"(anonymous_1)","decl":{"start":{"line":47,"column":57},"end":{"line":47,"column":58}},"loc":{"start":{"line":47,"column":75},"end":{"line":56,"column":3}},"line":47},"2":{"name":"(anonymous_2)","decl":{"start":{"line":66,"column":23},"end":{"line":66,"column":24}},"loc":{"start":{"line":66,"column":43},"end":{"line":112,"column":1}},"line":66},"3":{"name":"(anonymous_3)","decl":{"start":{"line":115,"column":22},"end":{"line":115,"column":23}},"loc":{"start":{"line":115,"column":42},"end":{"line":161,"column":1}},"line":115},"4":{"name":"(anonymous_4)","decl":{"start":{"line":164,"column":36},"end":{"line":164,"column":37}},"loc":{"start":{"line":164,"column":56},"end":{"line":170,"column":1}},"line":164},"5":{"name":"(anonymous_5)","decl":{"start":{"line":173,"column":37},"end":{"line":173,"column":38}},"loc":{"start":{"line":173,"column":57},"end":{"line":198,"column":1}},"line":173},"6":{"name":"(anonymous_6)","decl":{"start":{"line":201,"column":44},"end":{"line":201,"column":45}},"loc":{"start":{"line":201,"column":64},"end":{"line":242,"column":1}},"line":201}},"branchMap":{"0":{"loc":{"start":{"line":42,"column":4},"end":{"line":45,"column":3}},"type":"if","locations":[{"start":{"line":42,"column":4},"end":{"line":45,"column":3}},{"start":{},"end":{}}],"line":42},"1":{"loc":{"start":{"line":47,"column":20},"end":{"line":47,"column":55}},"type":"binary-expr","locations":[{"start":{"line":47,"column":20},"end":{"line":47,"column":42}},{"start":{"line":47,"column":46},"end":{"line":47,"column":55}}],"line":47},"2":{"loc":{"start":{"line":49,"column":3},"end":{"line":52,"column":4}},"type":"if","locations":[{"start":{"line":49,"column":3},"end":{"line":52,"column":4}},{"start":{},"end":{}}],"line":49},"3":{"loc":{"start":{"line":68,"column":1},"end":{"line":70,"column":2}},"type":"if","locations":[{"start":{"line":68,"column":1},"end":{"line":70,"column":2}},{"start":{},"end":{}}],"line":68},"4":{"loc":{"start":{"line":68,"column":5},"end":{"line":68,"column":55}},"type":"binary-expr","locations":[{"start":{"line":68,"column":5},"end":{"line":68,"column":14}},{"start":{"line":68,"column":18},"end":{"line":68,"column":33}},{"start":{"line":68,"column":37},"end":{"line":68,"column":55}}],"line":68},"5":{"loc":{"start":{"line":77,"column":1},"end":{"line":79,"column":2}},"type":"if","locations":[{"start":{"line":77,"column":1},"end":{"line":79,"column":2}},{"start":{},"end":{}}],"line":77},"6":{"loc":{"start":{"line":89,"column":51},"end":{"line":89,"column":86}},"type":"binary-expr","locations":[{"start":{"line":89,"column":51},"end":{"line":89,"column":73}},{"start":{"line":89,"column":77},"end":{"line":89,"column":86}}],"line":89},"7":{"loc":{"start":{"line":117,"column":1},"end":{"line":119,"column":2}},"type":"if","locations":[{"start":{"line":117,"column":1},"end":{"line":119,"column":2}},{"start":{},"end":{}}],"line":117},"8":{"loc":{"start":{"line":117,"column":5},"end":{"line":117,"column":55}},"type":"binary-expr","locations":[{"start":{"line":117,"column":5},"end":{"line":117,"column":14}},{"start":{"line":117,"column":18},"end":{"line":117,"column":33}},{"start":{"line":117,"column":37},"end":{"line":117,"column":55}}],"line":117},"9":{"loc":{"start":{"line":125,"column":1},"end":{"line":127,"column":2}},"type":"if","locations":[{"start":{"line":125,"column":1},"end":{"line":127,"column":2}},{"start":{},"end":{}}],"line":125},"10":{"loc":{"start":{"line":131,"column":1},"end":{"line":133,"column":2}},"type":"if","locations":[{"start":{"line":131,"column":1},"end":{"line":133,"column":2}},{"start":{},"end":{}}],"line":131},"11":{"loc":{"start":{"line":138,"column":51},"end":{"line":138,"column":86}},"type":"binary-expr","locations":[{"start":{"line":138,"column":51},"end":{"line":138,"column":73}},{"start":{"line":138,"column":77},"end":{"line":138,"column":86}}],"line":138},"12":{"loc":{"start":{"line":176,"column":1},"end":{"line":179,"column":2}},"type":"if","locations":[{"start":{"line":176,"column":1},"end":{"line":179,"column":2}},{"start":{},"end":{}}],"line":176},"13":{"loc":{"start":{"line":183,"column":1},"end":{"line":185,"column":2}},"type":"if","locations":[{"start":{"line":183,"column":1},"end":{"line":185,"column":2}},{"start":{},"end":{}}],"line":183},"14":{"loc":{"start":{"line":203,"column":1},"end":{"line":206,"column":2}},"type":"if","locations":[{"start":{"line":203,"column":1},"end":{"line":206,"column":2}},{"start":{},"end":{}}],"line":203},"15":{"loc":{"start":{"line":208,"column":1},"end":{"line":211,"column":2}},"type":"if","locations":[{"start":{"line":208,"column":1},"end":{"line":211,"column":2}},{"start":{},"end":{}}],"line":208},"16":{"loc":{"start":{"line":208,"column":6},"end":{"line":208,"column":61}},"type":"binary-expr","locations":[{"start":{"line":208,"column":6},"end":{"line":208,"column":31}},{"start":{"line":208,"column":35},"end":{"line":208,"column":61}}],"line":208},"17":{"loc":{"start":{"line":217,"column":1},"end":{"line":220,"column":2}},"type":"if","locations":[{"start":{"line":217,"column":1},"end":{"line":220,"column":2}},{"start":{},"end":{}}],"line":217}},"s":{"0":3,"1":14,"2":14,"3":14,"4":14,"5":0,"6":0,"7":14,"8":14,"9":14,"10":0,"11":0,"12":14,"13":14,"14":14,"15":0,"16":0,"17":3,"18":8,"19":1,"20":7,"21":7,"22":7,"23":1,"24":6,"25":6,"26":6,"27":6,"28":6,"29":6,"30":3,"31":2,"32":0,"33":2,"34":2,"35":2,"36":0,"37":2,"38":2,"39":1,"40":1,"41":1,"42":1,"43":1,"44":1,"45":3,"46":1,"47":1,"48":3,"49":1,"50":0,"51":0,"52":1,"53":1,"54":0,"55":1,"56":1,"57":3,"58":1,"59":0,"60":0,"61":1,"62":0,"63":0,"64":1,"65":1,"66":1,"67":0,"68":0,"69":1,"70":1,"71":1,"72":1,"73":1,"74":1,"75":1},"f":{"0":14,"1":14,"2":8,"3":2,"4":1,"5":1,"6":1},"b":{"0":[0,14],"1":[14,0],"2":[0,14],"3":[1,7],"4":[8,8,8],"5":[1,6],"6":[6,0],"7":[0,2],"8":[2,2,2],"9":[0,2],"10":[1,1],"11":[1,0],"12":[0,1],"13":[0,1],"14":[0,1],"15":[0,1],"16":[1,1],"17":[0,1]},"_coverageSchema":"1a1c01bbd47fc00a2c39e90264f33305004495a9","hash":"6b329ee10e7a7e057aae3e844112338f0a2fa3fc"}
,"C:\\Users\\lsmit\\Desktop\\FULL_STACK\\whose_app_mono\\routes\\contactRoutes.js": {"path":"C:\\Users\\lsmit\\Desktop\\FULL_STACK\\whose_app_mono\\routes\\contactRoutes.js","statementMap":{"0":{"start":{"line":16,"column":15},"end":{"line":16,"column":31}},"1":{"start":{"line":26,"column":0},"end":{"line":54,"column":3}},"2":{"start":{"line":28,"column":1},"end":{"line":30,"column":2}},"3":{"start":{"line":29,"column":2},"end":{"line":29,"column":64}},"4":{"start":{"line":32,"column":20},"end":{"line":32,"column":39}},"5":{"start":{"line":34,"column":15},"end":{"line":41,"column":48}},"6":{"start":{"line":43,"column":17},"end":{"line":50,"column":2}},"7":{"start":{"line":45,"column":15},"end":{"line":45,"column":46}},"8":{"start":{"line":46,"column":13},"end":{"line":49,"column":3}},"9":{"start":{"line":52,"column":1},"end":{"line":52,"column":38}},"10":{"start":{"line":56,"column":0},"end":{"line":72,"column":3}},"11":{"start":{"line":58,"column":15},"end":{"line":58,"column":34}},"12":{"start":{"line":60,"column":17},"end":{"line":68,"column":2}},"13":{"start":{"line":62,"column":15},"end":{"line":62,"column":46}},"14":{"start":{"line":63,"column":16},"end":{"line":67,"column":3}},"15":{"start":{"line":70,"column":1},"end":{"line":70,"column":38}},"16":{"start":{"line":78,"column":0},"end":{"line":99,"column":3}},"17":{"start":{"line":81,"column":15},"end":{"line":81,"column":64}},"18":{"start":{"line":83,"column":17},"end":{"line":95,"column":2}},"19":{"start":{"line":85,"column":15},"end":{"line":85,"column":46}},"20":{"start":{"line":86,"column":16},"end":{"line":94,"column":3}},"21":{"start":{"line":97,"column":1},"end":{"line":97,"column":38}},"22":{"start":{"line":101,"column":0},"end":{"line":126,"column":3}},"23":{"start":{"line":103,"column":14},"end":{"line":103,"column":29}},"24":{"start":{"line":104,"column":19},"end":{"line":104,"column":44}},"25":{"start":{"line":106,"column":1},"end":{"line":108,"column":2}},"26":{"start":{"line":107,"column":2},"end":{"line":107,"column":68}},"27":{"start":{"line":110,"column":14},"end":{"line":115,"column":3}},"28":{"start":{"line":117,"column":1},"end":{"line":119,"column":2}},"29":{"start":{"line":118,"column":2},"end":{"line":118,"column":64}},"30":{"start":{"line":121,"column":1},"end":{"line":121,"column":47}},"31":{"start":{"line":122,"column":1},"end":{"line":122,"column":40}},"32":{"start":{"line":124,"column":1},"end":{"line":124,"column":67}}},"fnMap":{"0":{"name":"(anonymous_0)","decl":{"start":{"line":26,"column":36},"end":{"line":26,"column":37}},"loc":{"start":{"line":26,"column":56},"end":{"line":54,"column":1}},"line":26},"1":{"name":"(anonymous_1)","decl":{"start":{"line":45,"column":10},"end":{"line":45,"column":11}},"loc":{"start":{"line":45,"column":15},"end":{"line":45,"column":46}},"line":45},"2":{"name":"(anonymous_2)","decl":{"start":{"line":46,"column":7},"end":{"line":46,"column":8}},"loc":{"start":{"line":46,"column":13},"end":{"line":49,"column":3}},"line":46},"3":{"name":"(anonymous_3)","decl":{"start":{"line":56,"column":41},"end":{"line":56,"column":42}},"loc":{"start":{"line":56,"column":61},"end":{"line":72,"column":1}},"line":56},"4":{"name":"(anonymous_4)","decl":{"start":{"line":62,"column":10},"end":{"line":62,"column":11}},"loc":{"start":{"line":62,"column":15},"end":{"line":62,"column":46}},"line":62},"5":{"name":"(anonymous_5)","decl":{"start":{"line":63,"column":7},"end":{"line":63,"column":8}},"loc":{"start":{"line":63,"column":16},"end":{"line":67,"column":3}},"line":63},"6":{"name":"(anonymous_6)","decl":{"start":{"line":78,"column":50},"end":{"line":78,"column":51}},"loc":{"start":{"line":78,"column":70},"end":{"line":99,"column":1}},"line":78},"7":{"name":"(anonymous_7)","decl":{"start":{"line":85,"column":10},"end":{"line":85,"column":11}},"loc":{"start":{"line":85,"column":15},"end":{"line":85,"column":46}},"line":85},"8":{"name":"(anonymous_8)","decl":{"start":{"line":86,"column":7},"end":{"line":86,"column":8}},"loc":{"start":{"line":86,"column":16},"end":{"line":94,"column":3}},"line":86},"9":{"name":"(anonymous_9)","decl":{"start":{"line":101,"column":47},"end":{"line":101,"column":48}},"loc":{"start":{"line":101,"column":67},"end":{"line":126,"column":1}},"line":101}},"branchMap":{"0":{"loc":{"start":{"line":28,"column":1},"end":{"line":30,"column":2}},"type":"if","locations":[{"start":{"line":28,"column":1},"end":{"line":30,"column":2}},{"start":{},"end":{}}],"line":28},"1":{"loc":{"start":{"line":28,"column":5},"end":{"line":28,"column":38}},"type":"binary-expr","locations":[{"start":{"line":28,"column":5},"end":{"line":28,"column":14}},{"start":{"line":28,"column":18},"end":{"line":28,"column":38}}],"line":28},"2":{"loc":{"start":{"line":106,"column":1},"end":{"line":108,"column":2}},"type":"if","locations":[{"start":{"line":106,"column":1},"end":{"line":108,"column":2}},{"start":{},"end":{}}],"line":106},"3":{"loc":{"start":{"line":117,"column":1},"end":{"line":119,"column":2}},"type":"if","locations":[{"start":{"line":117,"column":1},"end":{"line":119,"column":2}},{"start":{},"end":{}}],"line":117}},"s":{"0":3,"1":3,"2":2,"3":1,"4":1,"5":1,"6":1,"7":2,"8":2,"9":1,"10":3,"11":1,"12":1,"13":5,"14":4,"15":1,"16":3,"17":1,"18":1,"19":4,"20":3,"21":1,"22":3,"23":3,"24":3,"25":3,"26":1,"27":2,"28":2,"29":1,"30":1,"31":1,"32":1},"f":{"0":2,"1":2,"2":2,"3":1,"4":5,"5":4,"6":1,"7":4,"8":3,"9":3},"b":{"0":[1,1],"1":[2,1],"2":[1,2],"3":[1,1]},"_coverageSchema":"1a1c01bbd47fc00a2c39e90264f33305004495a9","hash":"1559ee9568d24c6a9df467b18ac2eb7b046cb95f"}
,"C:\\Users\\lsmit\\Desktop\\FULL_STACK\\whose_app_mono\\routes\\messageRoutes.js": {"path":"C:\\Users\\lsmit\\Desktop\\FULL_STACK\\whose_app_mono\\routes\\messageRoutes.js","statementMap":{"0":{"start":{"line":15,"column":15},"end":{"line":15,"column":31}},"1":{"start":{"line":17,"column":0},"end":{"line":50,"column":3}},"2":{"start":{"line":19,"column":1},"end":{"line":21,"column":2}},"3":{"start":{"line":20,"column":2},"end":{"line":20,"column":68}},"4":{"start":{"line":23,"column":1},"end":{"line":26,"column":2}},"5":{"start":{"line":24,"column":2},"end":{"line":24,"column":107}},"6":{"start":{"line":25,"column":2},"end":{"line":25,"column":93}},"7":{"start":{"line":28,"column":19},"end":{"line":28,"column":58}},"8":{"start":{"line":29,"column":19},"end":{"line":29,"column":59}},"9":{"start":{"line":31,"column":12},"end":{"line":36,"column":3}},"10":{"start":{"line":39,"column":1},"end":{"line":41,"column":2}},"11":{"start":{"line":40,"column":2},"end":{"line":40,"column":48}},"12":{"start":{"line":43,"column":18},"end":{"line":43,"column":79}},"13":{"start":{"line":45,"column":1},"end":{"line":45,"column":65}},"14":{"start":{"line":46,"column":1},"end":{"line":46,"column":35}},"15":{"start":{"line":48,"column":1},"end":{"line":48,"column":41}}},"fnMap":{"0":{"name":"(anonymous_0)","decl":{"start":{"line":17,"column":42},"end":{"line":17,"column":43}},"loc":{"start":{"line":17,"column":62},"end":{"line":50,"column":1}},"line":17}},"branchMap":{"0":{"loc":{"start":{"line":19,"column":1},"end":{"line":21,"column":2}},"type":"if","locations":[{"start":{"line":19,"column":1},"end":{"line":21,"column":2}},{"start":{},"end":{}}],"line":19},"1":{"loc":{"start":{"line":19,"column":5},"end":{"line":19,"column":45}},"type":"binary-expr","locations":[{"start":{"line":19,"column":5},"end":{"line":19,"column":14}},{"start":{"line":19,"column":18},"end":{"line":19,"column":29}},{"start":{"line":19,"column":33},"end":{"line":19,"column":45}}],"line":19},"2":{"loc":{"start":{"line":23,"column":1},"end":{"line":26,"column":2}},"type":"if","locations":[{"start":{"line":23,"column":1},"end":{"line":26,"column":2}},{"start":{},"end":{}}],"line":23},"3":{"loc":{"start":{"line":39,"column":1},"end":{"line":41,"column":2}},"type":"if","locations":[{"start":{"line":39,"column":1},"end":{"line":41,"column":2}},{"start":{},"end":{}}],"line":39}},"s":{"0":3,"1":3,"2":4,"3":1,"4":3,"5":1,"6":1,"7":2,"8":2,"9":2,"10":2,"11":1,"12":1,"13":1,"14":1,"15":1},"f":{"0":4},"b":{"0":[1,3],"1":[4,4,4],"2":[1,2],"3":[1,1]},"_coverageSchema":"1a1c01bbd47fc00a2c39e90264f33305004495a9","hash":"cd5dfa4e31f2a629e4dca02d21da8f9b07a1c56c"}
}
