TN:
SF:gateway\app.js
FN:21,(anonymous_0)
FNF:1
FNH:1
FNDA:4,(anonymous_0)
DA:15,1
DA:18,1
DA:21,1
DA:22,4
DA:23,4
DA:26,1
LF:6
LH:6
BRF:0
BRH:0
end_of_record
TN:
SF:gateway\routes\authRoutes.js
FN:13,(anonymous_0)
FNF:1
FNH:1
FNDA:4,(anonymous_0)
DA:10,1
DA:13,1
DA:14,4
LF:3
LH:3
BRF:0
BRH:0
end_of_record
TN:
SF:services\db-manager\app.js
FN:13,(anonymous_0)
FN:23,connectDB
FNF:2
FNH:2
FNDA:4,(anonymous_0)
FNDA:2,connectDB
DA:6,2
DA:12,2
DA:13,2
DA:14,4
DA:15,4
DA:18,2
DA:24,2
DA:25,2
LF:8
LH:8
BRF:0
BRH:0
end_of_record
TN:
SF:services\db-manager\models\Chat.js
FNF:0
FNH:0
DA:4,1
DA:9,1
LF:2
LH:2
BRF:0
BRH:0
end_of_record
TN:
SF:services\db-manager\models\Message.js
FNF:0
FNH:0
DA:3,1
DA:10,1
LF:2
LH:2
BRF:0
BRH:0
end_of_record
TN:
SF:services\db-manager\models\User.js
FNF:0
FNH:0
DA:4,2
LF:1
LH:1
BRF:0
BRH:0
end_of_record
TN:
SF:services\db-manager\routes\accountRoutes.js
FN:8,(anonymous_0)
FN:49,(anonymous_1)
FNF:2
FNH:0
FNDA:0,(anonymous_0)
FNDA:0,(anonymous_1)
DA:5,2
DA:8,2
DA:10,0
DA:12,0
DA:14,0
DA:15,0
DA:18,0
DA:19,0
DA:22,0
DA:31,0
DA:40,0
DA:43,0
DA:44,0
DA:49,2
LF:14
LH:3
BRDA:14,0,0,0
BRDA:14,0,1,0
BRDA:14,1,0,0
BRDA:14,1,1,0
BRDA:18,2,0,0
BRDA:18,2,1,0
BRF:6
BRH:0
end_of_record
