TN:
SF:app.js
FN:35,(anonymous_0)
FN:48,connectDB
FNF:2
FNH:2
FNDA:8,(anonymous_0)
FNDA:3,connectDB
DA:18,3
DA:23,3
DA:29,3
DA:32,3
DA:35,3
DA:36,8
DA:37,8
DA:42,3
DA:43,3
DA:44,3
DA:49,3
DA:50,3
LF:12
LH:12
BRF:0
BRH:0
end_of_record
TN:
SF:models\Chat.js
FNF:0
FNH:0
DA:4,3
LF:1
LH:1
BRF:0
BRH:0
end_of_record
TN:
SF:models\Message.js
FNF:0
FNH:0
DA:3,3
LF:1
LH:1
BRF:0
BRH:0
end_of_record
TN:
SF:models\User.js
FNF:0
FNH:0
DA:4,3
LF:1
LH:1
BRF:0
BRH:0
end_of_record
TN:
SF:routes\authRoutes.js
FN:38,verifyToken
FN:47,(anonymous_1)
FN:66,(anonymous_2)
FN:121,(anonymous_3)
FN:174,(anonymous_4)
FN:188,(anonymous_5)
FN:224,(anonymous_6)
FNF:7
FNH:1
FNDA:0,verifyToken
FNDA:0,(anonymous_1)
FNDA:4,(anonymous_2)
FNDA:0,(anonymous_3)
FNDA:0,(anonymous_4)
FNDA:0,(anonymous_5)
FNDA:0,(anonymous_6)
DA:13,3
DA:39,0
DA:40,0
DA:41,0
DA:42,0
DA:43,0
DA:44,0
DA:47,0
DA:48,0
DA:49,0
DA:50,0
DA:51,0
DA:53,0
DA:54,0
DA:55,0
DA:58,0
DA:59,0
DA:66,3
DA:68,4
DA:70,4
DA:71,2
DA:74,2
DA:77,2
DA:79,2
DA:80,1
DA:83,1
DA:90,1
DA:92,1
DA:99,1
DA:111,1
DA:115,0
DA:116,0
DA:121,3
DA:123,0
DA:125,0
DA:126,0
DA:129,0
DA:131,0
DA:133,0
DA:134,0
DA:137,0
DA:139,0
DA:140,0
DA:143,0
DA:145,0
DA:151,0
DA:164,0
DA:167,0
DA:168,0
DA:174,3
DA:175,0
DA:176,0
DA:180,0
DA:182,0
DA:183,0
DA:188,3
DA:189,0
DA:192,0
DA:195,0
DA:196,0
DA:197,0
DA:201,0
DA:202,0
DA:203,0
DA:205,0
DA:215,0
DA:218,0
DA:219,0
DA:224,3
DA:225,0
DA:227,0
DA:228,0
DA:229,0
DA:232,0
DA:233,0
DA:234,0
DA:237,0
DA:240,0
DA:241,0
DA:242,0
DA:243,0
DA:246,0
DA:247,0
DA:248,0
DA:249,0
DA:251,0
DA:253,0
DA:264,0
DA:267,0
DA:268,0
LF:90
LH:18
BRDA:42,0,0,0
BRDA:42,0,1,0
BRDA:47,1,0,0
BRDA:47,1,1,0
BRDA:49,2,0,0
BRDA:49,2,1,0
BRDA:70,3,0,2
BRDA:70,3,1,2
BRDA:70,4,0,4
BRDA:70,4,1,4
BRDA:70,4,2,3
BRDA:79,5,0,1
BRDA:79,5,1,1
BRDA:90,6,0,1
BRDA:90,6,1,1
BRDA:125,7,0,0
BRDA:125,7,1,0
BRDA:125,8,0,0
BRDA:125,8,1,0
BRDA:125,8,2,0
BRDA:133,9,0,0
BRDA:133,9,1,0
BRDA:139,10,0,0
BRDA:139,10,1,0
BRDA:143,11,0,0
BRDA:143,11,1,0
BRDA:195,12,0,0
BRDA:195,12,1,0
BRDA:202,13,0,0
BRDA:202,13,1,0
BRDA:227,14,0,0
BRDA:227,14,1,0
BRDA:232,15,0,0
BRDA:232,15,1,0
BRDA:232,16,0,0
BRDA:232,16,1,0
BRDA:241,17,0,0
BRDA:241,17,1,0
BRF:38
BRH:9
end_of_record
TN:
SF:routes\contactRoutes.js
FN:21,(anonymous_0)
FN:43,(anonymous_1)
FN:56,(anonymous_2)
FN:61,(anonymous_3)
FN:75,(anonymous_4)
FN:81,(anonymous_5)
FNF:6
FNH:6
FNDA:2,(anonymous_0)
FNDA:3,(anonymous_1)
FNDA:1,(anonymous_2)
FNDA:5,(anonymous_3)
FNDA:1,(anonymous_4)
FNDA:3,(anonymous_5)
DA:11,3
DA:21,3
DA:23,2
DA:24,1
DA:27,1
DA:29,1
DA:37,1
DA:43,1
DA:44,3
DA:52,1
DA:56,3
DA:58,1
DA:60,1
DA:61,5
DA:67,1
DA:75,3
DA:78,1
DA:80,1
DA:81,3
DA:92,1
LF:20
LH:20
BRDA:23,0,0,1
BRDA:23,0,1,1
BRDA:23,1,0,2
BRDA:23,1,1,1
BRF:4
BRH:4
end_of_record
TN:
SF:routes\messageRoutes.js
FN:16,(anonymous_0)
FNF:1
FNH:0
FNDA:0,(anonymous_0)
DA:14,3
DA:16,3
DA:18,0
DA:19,0
DA:22,0
DA:24,0
DA:32,0
DA:33,0
DA:36,0
DA:38,0
LF:10
LH:2
BRDA:18,0,0,0
BRDA:18,0,1,0
BRDA:18,1,0,0
BRDA:18,1,1,0
BRDA:18,1,2,0
BRDA:22,2,0,0
BRDA:22,2,1,0
BRDA:32,3,0,0
BRDA:32,3,1,0
BRF:9
BRH:0
end_of_record
